     1                                  global _main
     2                                  
     3                                  section .data
     4                                  
     5 00000000 48656C6C6F20576F72-     str_hello:   db  "Hello World", 0x0a
     5 00000009 6C640A             
     6                                  
     7                                  section .text
     8                                  
     9                                  _main:
    10 00000000 B804000002                  mov rax, 0x2000004
    11                                  
    12 00000005 BF01000000                  mov rdi, 1
    13                                  
    14 0000000A 48BE-                       mov rsi, str_hello
    14 0000000C [0000000000000000] 
    15                                  
    16 00000014 BA0D000000                  mov rdx, 13
    17                                  
    18 00000019 0F05                        syscall
    19                                  
    20 0000001B B801000002                  mov rax, 0x2000001
    21                                  
    22 00000020 BF00000000                  mov rdi, 0
    23                                  
    24 00000025 0F05                        syscall
